# JRE version: Java(TM) SE Runtime Environment (17.0.6+9) (build 17.0.6+9-LTS-190)
# Java VM: Java HotSpot(TM) 64-Bit Server VM (17.0.6+9-LTS-190, mixed mode, sharing, tiered, compressed oops, compressed class ptrs, g1 gc, windows-amd64)
GC Precious Log:
 CPUs: 8 total, 8 available
 Memory: 7798M
 Large Page Support: Disabled
 NUMA Support: Disabled
 Compressed Oops: Enabled (32-bit)
 Heap Region Size: 1M
 Heap Min Capacity: 8M
 Heap Initial Capacity: 122M
 Heap Max Capacity: 1950M
 Pre-touch: Disabled
 Parallel Workers: 8
 Concurrent Workers: 2
 Concurrent Refinement Workers: 8
 Periodic GC: Disabled
Heap:
 garbage-first heap   total 60416K, used 37564K [0x0000000086200000, 0x0000000100000000)
  region size 1024K, 8 young (8192K), 2 survivors (2048K)
 Metaspace       used 66836K, committed 67456K, reserved 1114112K
  class space    used 9263K, committed 9536K, reserved 1048576K
GC Heap History (20 events):
Event: 11.246 GC heap before
{Heap before GC invocations=11 (full 0):
 garbage-first heap   total 55296K, used 42316K [0x0000000086200000, 0x0000000100000000)
  region size 1024K, 21 young (21504K), 1 survivors (1024K)
 Metaspace       used 40516K, committed 41024K, reserved 1089536K
  class space    used 5484K, committed 5696K, reserved 1048576K
}
Event: 11.250 GC heap after
{Heap after GC invocations=12 (full 0):
 garbage-first heap   total 55296K, used 23137K [0x0000000086200000, 0x0000000100000000)
  region size 1024K, 2 young (2048K), 2 survivors (2048K)
 Metaspace       used 40516K, committed 41024K, reserved 1089536K
  class space    used 5484K, committed 5696K, reserved 1048576K
}
Event: 12.257 GC heap before
{Heap before GC invocations=12 (full 0):
 garbage-first heap   total 55296K, used 42593K [0x0000000086200000, 0x0000000100000000)
  region size 1024K, 21 young (21504K), 2 survivors (2048K)
 Metaspace       used 45695K, committed 46208K, reserved 1089536K
  class space    used 6179K, committed 6400K, reserved 1048576K
}
Event: 12.261 GC heap after
{Heap after GC invocations=13 (full 0):
 garbage-first heap   total 55296K, used 24909K [0x0000000086200000, 0x0000000100000000)
  region size 1024K, 3 young (3072K), 3 survivors (3072K)
 Metaspace       used 45695K, committed 46208K, reserved 1089536K
  class space    used 6179K, committed 6400K, reserved 1048576K
}
Event: 12.954 GC heap before
{Heap before GC invocations=13 (full 0):
 garbage-first heap   total 55296K, used 43341K [0x0000000086200000, 0x0000000100000000)
  region size 1024K, 21 young (21504K), 3 survivors (3072K)
 Metaspace       used 49536K, committed 49984K, reserved 1097728K
  class space    used 6650K, committed 6848K, reserved 1048576K
}
Event: 12.958 GC heap after
{Heap after GC invocations=14 (full 0):
 garbage-first heap   total 55296K, used 26008K [0x0000000086200000, 0x0000000100000000)
  region size 1024K, 2 young (2048K), 2 survivors (2048K)
 Metaspace       used 49536K, committed 49984K, reserved 1097728K
  class space    used 6650K, committed 6848K, reserved 1048576K
}
Event: 13.496 GC heap before
{Heap before GC invocations=14 (full 0):
 garbage-first heap   total 55296K, used 42392K [0x0000000086200000, 0x0000000100000000)
  region size 1024K, 19 young (19456K), 2 survivors (2048K)
 Metaspace       used 54903K, committed 55360K, reserved 1097728K
  class space    used 7553K, committed 7744K, reserved 1048576K
}
Event: 13.499 GC heap after
{Heap after GC invocations=15 (full 0):
 garbage-first heap   total 55296K, used 26463K [0x0000000086200000, 0x0000000100000000)
  region size 1024K, 2 young (2048K), 2 survivors (2048K)
 Metaspace       used 54903K, committed 55360K, reserved 1097728K
  class space    used 7553K, committed 7744K, reserved 1048576K
}
Event: 14.003 GC heap before
{Heap before GC invocations=16 (full 0):
 garbage-first heap   total 55296K, used 42847K [0x0000000086200000, 0x0000000100000000)
  region size 1024K, 19 young (19456K), 2 survivors (2048K)
 Metaspace       used 57983K, committed 58496K, reserved 1105920K
  class space    used 8046K, committed 8256K, reserved 1048576K
}
Event: 14.006 GC heap after
{Heap after GC invocations=17 (full 0):
 garbage-first heap   total 55296K, used 27050K [0x0000000086200000, 0x0000000100000000)
  region size 1024K, 3 young (3072K), 3 survivors (3072K)
 Metaspace       used 57983K, committed 58496K, reserved 1105920K
  class space    used 8046K, committed 8256K, reserved 1048576K
}
Event: 14.820 GC heap before
{Heap before GC invocations=17 (full 0):
 garbage-first heap   total 55296K, used 44458K [0x0000000086200000, 0x0000000100000000)
  region size 1024K, 20 young (20480K), 3 survivors (3072K)
 Metaspace       used 60700K, committed 61248K, reserved 1105920K
  class space    used 8411K, committed 8640K, reserved 1048576K
}
Event: 14.826 GC heap after
{Heap after GC invocations=18 (full 0):
 garbage-first heap   total 55296K, used 28239K [0x0000000086200000, 0x0000000100000000)
  region size 1024K, 3 young (3072K), 3 survivors (3072K)
 Metaspace       used 60700K, committed 61248K, reserved 1105920K
  class space    used 8411K, committed 8640K, reserved 1048576K
}
Event: 15.347 GC heap before
{Heap before GC invocations=19 (full 0):
 garbage-first heap   total 55296K, used 43599K [0x0000000086200000, 0x0000000100000000)
  region size 1024K, 19 young (19456K), 3 survivors (3072K)
 Metaspace       used 63162K, committed 63808K, reserved 1105920K
  class space    used 8744K, committed 9024K, reserved 1048576K
}
Event: 15.350 GC heap after
{Heap after GC invocations=20 (full 0):
 garbage-first heap   total 55296K, used 29538K [0x0000000086200000, 0x0000000100000000)
  region size 1024K, 3 young (3072K), 3 survivors (3072K)
 Metaspace       used 63162K, committed 63808K, reserved 1105920K
  class space    used 8744K, committed 9024K, reserved 1048576K
}
Event: 15.656 GC heap before
{Heap before GC invocations=20 (full 0):
 garbage-first heap   total 55296K, used 44898K [0x0000000086200000, 0x0000000100000000)
  region size 1024K, 18 young (18432K), 3 survivors (3072K)
 Metaspace       used 63899K, committed 64576K, reserved 1105920K
  class space    used 8829K, committed 9152K, reserved 1048576K
}
Event: 15.662 GC heap after
{Heap after GC invocations=21 (full 0):
 garbage-first heap   total 55296K, used 30124K [0x0000000086200000, 0x0000000100000000)
  region size 1024K, 2 young (2048K), 2 survivors (2048K)
 Metaspace       used 63899K, committed 64576K, reserved 1105920K
  class space    used 8829K, committed 9152K, reserved 1048576K
}
Event: 16.200 GC heap before
{Heap before GC invocations=22 (full 0):
 garbage-first heap   total 55296K, used 45484K [0x0000000086200000, 0x0000000100000000)
  region size 1024K, 17 young (17408K), 2 survivors (2048K)
 Metaspace       used 65149K, committed 65728K, reserved 1105920K
  class space    used 9001K, committed 9280K, reserved 1048576K
}
Event: 16.204 GC heap after
{Heap after GC invocations=23 (full 0):
 garbage-first heap   total 55296K, used 31390K [0x0000000086200000, 0x0000000100000000)
  region size 1024K, 2 young (2048K), 2 survivors (2048K)
 Metaspace       used 65149K, committed 65728K, reserved 1105920K
  class space    used 9001K, committed 9280K, reserved 1048576K
}
Event: 16.579 GC heap before
{Heap before GC invocations=23 (full 0):
 garbage-first heap   total 55296K, used 45726K [0x0000000086200000, 0x0000000100000000)
  region size 1024K, 16 young (16384K), 2 survivors (2048K)
 Metaspace       used 66536K, committed 67072K, reserved 1114112K
  class space    used 9211K, committed 9472K, reserved 1048576K
}
Event: 16.583 GC heap after
{Heap after GC invocations=24 (full 0):
 garbage-first heap   total 55296K, used 32444K [0x0000000086200000, 0x0000000100000000)
  region size 1024K, 2 young (2048K), 2 survivors (2048K)
 Metaspace       used 66536K, committed 67072K, reserved 1114112K
  class space    used 9211K, committed 9472K, reserved 1048576K
}

